<?xml version="1.0" encoding="UTF-8"?>
<!-- Generated by org.testng.reporters.JUnitXMLReporter -->
<testsuite hostname="DESKTOP-TF80URS" ignored="0" name="Default test" tests="3" failures="0" timestamp="16 Jan 2020 20:32:32 GMT" time="50.243" errors="0">
  <testcase name="Test1" time="0.038" classname="ecommerce.Guru99.DemoGuruEcomm"/>
  <testcase name="Test2" time="14.744" classname="ecommerce.Guru99.DemoGuruEcomm"/>
  <testcase name="Test3" time="6.439" classname="ecommerce.Guru99.DemoGuruEcomm"/>
</testsuite> <!-- Default test -->
