<?xml version="1.0" encoding="UTF-8"?>
<!-- Generated by org.testng.reporters.JUnitXMLReporter -->
<testsuite hostname="DESKTOP-TF80URS" ignored="0" name="testGuru" tests="4" failures="0" timestamp="16 Jan 2020 21:02:52 GMT" time="171.265" errors="0">
  <testcase name="Test1" time="0.044" classname="ecommerce.Guru99.DemoGuruEcomm"/>
  <testcase name="Test2" time="8.015" classname="ecommerce.Guru99.DemoGuruEcomm"/>
  <testcase name="Test3" time="5.225" classname="ecommerce.Guru99.DemoGuruEcomm"/>
  <testcase name="LoginTest" time="140.291" classname="ecommerce.Guru99.GuruLogin"/>
</testsuite> <!-- testGuru -->
